VoiceMail1/app/build/intermediates/manifest_merge_blame_file/debug/manifest-merger-blame-debug-report.txt
1<?xml version="1.0" encoding="utf-8"?>
2<manifest xmlns:android="http://schemas.android.com/apk/res/android"
3    package="com.example.newedtester"
4    android:versionCode="1"
5    android:versionName="1.0" >
6
7    <uses-sdk android:minSdkVersion="14" />
7-->src\main\AndroidManifest.xml
8
9    <uses-permission android:name="android.permission.READ_PHONE_STATE" />
9-->src\main\AndroidManifest.xml:24:1-71
9-->src\main\AndroidManifest.xml:24:18-68
10    <uses-permission android:name="android.permission.SEND_SMS" />
10-->src\main\AndroidManifest.xml:25:1-62
10-->src\main\AndroidManifest.xml:25:18-60
11
12    <application
12-->src\main\AndroidManifest.xml:8:5-22:19
13        android:allowBackup="true"
13-->src\main\AndroidManifest.xml:9:9-35
14        android:debuggable="true"
15        android:icon="@drawable/ic_launcher"
15-->src\main\AndroidManifest.xml:10:9-45
16        android:label="@string/app_name"
16-->src\main\AndroidManifest.xml:11:9-41
17        android:theme="@android:style/Theme" >
17-->src\main\AndroidManifest.xml:12:9-45
18        <activity
18-->src\main\AndroidManifest.xml:13:9-21:20
19            android:name="com.example.newedtester.MainActivity"
19-->src\main\AndroidManifest.xml:14:13-41
20            android:label="@string/app_name" >
20-->src\main\AndroidManifest.xml:15:13-45
21            <intent-filter>
21-->src\main\AndroidManifest.xml:16:13-20:29
22                <action android:name="android.intent.action.MAIN" />
22-->src\main\AndroidManifest.xml:17:17-69
22-->src\main\AndroidManifest.xml:17:25-66
23
24                <category android:name="android.intent.category.LAUNCHER" />
24-->src\main\AndroidManifest.xml:19:17-77
24-->src\main\AndroidManifest.xml:19:27-74
25            </intent-filter>
26        </activity>
27    </application>
28
29</manifest>